<?xml version="1.0" encoding="UTF-8"?>
<!-- Generated by org.testng.reporters.JUnitReportReporter -->
<testsuite hostname="user-PC" name="TestEquality" tests="2" failures="0" timestamp="21 Jan 2018 20:52:19 GMT" time="0.180" errors="0">
  <testcase name="testEqualityByJson" time="0.120" classname="TestEquality"/>
  <testcase name="testEqualityByPropertyUtils" time="0.060" classname="TestEquality"/>
</testsuite> <!-- TestEquality -->
